#
# A fatal error has been detected by the Java Runtime Environment:
#
#  EXCEPTION_ACCESS_VIOLATION (0xc0000005) at pc=0x000001372a511066, pid=19732, tid=0x0000000000004aac
#
# JRE version: OpenJDK Runtime Environment (8.0_265-b01) (build 1.8.0_265-b01)
# Java VM: OpenJDK 64-Bit Server VM (25.265-b01 mixed mode windows-amd64 compressed oops)
# Problematic frame:
# C  [OpenAL64.dll+0x11066]
#
# Failed to write core dump. Minidumps are not enabled by default on client versions of Windows
#
# If you would like to submit a bug report, please visit:
#   http://bugreport.java.com/bugreport/crash.jsp
# The crash happened outside the Java Virtual Machine in native code.
# See problematic frame for where to report the bug.
#

---------------  T H R E A D  ---------------

Current thread (0x0000013711e24000):  JavaThread "main" [_thread_in_native, id=19116, stack(0x0000003332000000,0x0000003332100000)]

siginfo: ExceptionCode=0xc0000005, reading address 0x000001372852d004

Registers:
RAX=0x0000000000000004, RBX=0x000001372bbd0090, RCX=0x000001372852d008, RDX=0x000001372852d004
RSP=0x00000033320fc450, RBP=0x00000000000000ff, RSI=0x000001372852c76c, RDI=0x0000000000000000
R8 =0x0000000000000226, R9 =0x000001372852c76c, R10=0x00000137137a9c62, R11=0x0000000056eaea10
R12=0x0000000000000001, R13=0x000001372a30ac20, R14=0x00000033320fc5f0, R15=0x0000013711e24000
RIP=0x000001372a511066, EFLAGS=0x0000000000010202

Top of Stack: (sp=0x00000033320fc450)
0x00000033320fc450:   0000000000000000 0000000000000000
0x00000033320fc460:   0000000000000000 0000013711e24000
0x00000033320fc470:   00000033320fc5f0 000001372a30ac20
0x00000033320fc480:   0000013711e24000 0000013711e15390
0x00000033320fc490:   000001372a30ac20 0000000000000000
0x00000033320fc4a0:   0000013711df3020 0000000056d495a5
0x00000033320fc4b0:   00000033320fcd80 0000013711e24690
0x00000033320fc4c0:   0000013711e24000 00000033320fc5f0
0x00000033320fc4d0:   000001372a30ac20 0000000000000000
0x00000033320fc4e0:   000001372852c76c 0000000000000248
0x00000033320fc4f0:   00000033320fc5b8 000001372a51248f
0x00000033320fc500:   000001372bbd0090 000001372bbd0090
0x00000033320fc510:   000000000000ac44 0000013700000004
0x00000033320fc520:   0000013713797bd0 00000137137a9c8e
0x00000033320fc530:   000001372a30ac20 00000033320fc538
0x00000033320fc540:   0000013713797bd0 00000137137a999b 

Instructions: (pc=0x000001372a511066)
0x000001372a511046:   41 2b ec 81 3a 03 00 02 00 75 09 8b 01 89 84 24
0x000001372a511056:   c8 00 00 00 49 83 c0 02 48 83 c1 08 4a 8d 14 86
0x000001372a511066:   39 3a 75 af 4c 8d 84 24 c0 00 00 00 48 8d 15 d7
0x000001372a511076:   2b 03 00 33 c9 e8 58 5f 00 00 b8 40 1f 00 00 4c 


Register to memory mapping:

RAX=0x0000000000000004 is an unknown value
RBX=0x000001372bbd0090 is an unknown value
RCX=0x000001372852d008 is an unknown value
RDX=0x000001372852d004 is an unknown value
RSP=0x00000033320fc450 is pointing into the stack for thread: 0x0000013711e24000
RBP=0x00000000000000ff is an unknown value
RSI=0x000001372852c76c is an unknown value
RDI=0x0000000000000000 is an unknown value
R8 =0x0000000000000226 is an unknown value
R9 =0x000001372852c76c is an unknown value
R10=0x00000137137a9c62 is at code_begin+962 in an Interpreter codelet
method entry point (kind = native)  [0x00000137137a98a0, 0x00000137137aa340]  2720 bytes
R11=0x0000000056eaea10 is an unknown value
R12=0x0000000000000001 is an unknown value
R13={method} {0x000001372a30ac28} 'nalcCreateContext' '(JJ)J' in 'org/lwjgl/openal/ALC10'
R14=0x00000033320fc5f0 is pointing into the stack for thread: 0x0000013711e24000
R15=0x0000013711e24000 is a thread


Stack: [0x0000003332000000,0x0000003332100000],  sp=0x00000033320fc450,  free space=1009k
Native frames: (J=compiled Java code, j=interpreted, Vv=VM code, C=native code)
C  [OpenAL64.dll+0x11066]
C  [OpenAL64.dll+0x1248f]
C  0x00000137137a9c8e

Java frames: (J=compiled Java code, j=interpreted, Vv=VM code)
j  org.lwjgl.openal.ALC10.nalcCreateContext(JJ)J+0
j  org.lwjgl.openal.ALC10.alcCreateContext(Lorg/lwjgl/openal/ALCdevice;Ljava/nio/IntBuffer;)Lorg/lwjgl/openal/ALCcontext;+8
j  org.lwjgl.openal.AL.init(Ljava/lang/String;IIZZ)V+69
j  org.lwjgl.openal.AL.create(Ljava/lang/String;IIZZ)V+246
j  org.lwjgl.openal.AL.create(Ljava/lang/String;IIZ)V+5
j  org.lwjgl.openal.AL.create()V+6
j  com.badlogic.gdx.backends.lwjgl.audio.OpenALAudio.<init>(III)V+114
j  com.badlogic.gdx.backends.lwjgl.LwjglApplication.<init>(Lcom/badlogic/gdx/ApplicationListener;Lcom/badlogic/gdx/backends/lwjgl/LwjglApplicationConfiguration;Lcom/badlogic/gdx/backends/lwjgl/LwjglGraphics;)V+120
j  com.badlogic.gdx.backends.lwjgl.LwjglApplication.<init>(Lcom/badlogic/gdx/ApplicationListener;Lcom/badlogic/gdx/backends/lwjgl/LwjglApplicationConfiguration;)V+11
j  org.uqbar.project.wollok.game.gameboard.WollokGDXApplication.<init>(Lorg/uqbar/project/wollok/game/gameboard/Gameboard;Ljava/lang/Boolean;)V+17
j  org.uqbar.project.wollok.game.helpers.Application.start(Lorg/uqbar/project/wollok/game/gameboard/Gameboard;Ljava/lang/Boolean;)V+5
j  org.uqbar.project.wollok.game.gameboard.Gameboard.start(Ljava/lang/Boolean;)V+13
j  wollok.game.GameObject.doStart(Ljava/lang/Boolean;)V+12
v  ~StubRoutines::call_stub
j  sun.reflect.NativeMethodAccessorImpl.invoke0(Ljava/lang/reflect/Method;Ljava/lang/Object;[Ljava/lang/Object;)Ljava/lang/Object;+0
j  sun.reflect.NativeMethodAccessorImpl.invoke(Ljava/lang/Object;[Ljava/lang/Object;)Ljava/lang/Object;+100
J 2481 C1 sun.reflect.DelegatingMethodAccessorImpl.invoke(Ljava/lang/Object;[Ljava/lang/Object;)Ljava/lang/Object; (10 bytes) @ 0x0000013713ff37c4 [0x0000013713ff36c0+0x104]
J 2480 C1 java.lang.reflect.Method.invoke(Ljava/lang/Object;[Ljava/lang/Object;)Ljava/lang/Object; (62 bytes) @ 0x0000013713ff3f6c [0x0000013713ff3b80+0x3ec]
j  org.uqbar.project.wollok.ui.utils.XTendUtilExtensions.invokeConvertingArgs(Ljava/lang/reflect/Method;Ljava/lang/Object;[Ljava/lang/Object;)Lorg/uqbar/project/wollok/interpreter/core/WollokObject;+261
j  org.uqbar.project.wollok.interpreter.AbstractWollokCallable._invokeNative(Ljava/lang/Object;Ljava/lang/String;[Lorg/uqbar/project/wollok/interpreter/core/WollokObject;)Lorg/uqbar/project/wollok/interpreter/core/WollokObject;+41
j  org.uqbar.project.wollok.interpreter.AbstractWollokCallable.invokeNative(Ljava/lang/Object;Ljava/lang/String;[Lorg/uqbar/project/wollok/interpreter/core/WollokObject;)Lorg/uqbar/project/wollok/interpreter/core/WollokObject;+26
j  org.uqbar.project.wollok.interpreter.AbstractWollokCallable$1.apply()Lorg/uqbar/project/wollok/interpreter/core/WollokObject;+55
j  org.uqbar.project.wollok.interpreter.AbstractWollokCallable$1.apply()Ljava/lang/Object;+1
j  org.uqbar.project.wollok.interpreter.threads.WThread.performOnStack(Lorg/eclipse/emf/ecore/EObject;Lorg/uqbar/project/wollok/interpreter/context/EvaluationContext;Lorg/eclipse/xtext/xbase/lib/Functions$Function0;)Lorg/uqbar/project/wollok/interpreter/core/WollokObject;+29
j  org.uqbar.project.wollok.interpreter.WollokInterpreter.performOnStack(Lorg/eclipse/emf/ecore/EObject;Lorg/uqbar/project/wollok/interpreter/context/EvaluationContext;Lorg/eclipse/xtext/xbase/lib/Functions$Function0;)Lorg/uqbar/project/wollok/interpreter/core/WollokObject;+7
j  org.uqbar.project.wollok.interpreter.AbstractWollokCallable.call(Lorg/uqbar/project/wollok/wollokDsl/WMethodDeclaration;[Lorg/uqbar/project/wollok/interpreter/core/WollokObject;)Lorg/uqbar/project/wollok/interpreter/core/WollokObject;+38
j  org.uqbar.project.wollok.interpreter.core.WollokObject.call(Ljava/lang/String;[Lorg/uqbar/project/wollok/interpreter/core/WollokObject;)Lorg/uqbar/project/wollok/interpreter/core/WollokObject;+55
j  org.uqbar.project.wollok.interpreter.WollokInterpreterEvaluator._evaluate(Lorg/uqbar/project/wollok/wollokDsl/WFeatureCall;)Lorg/uqbar/project/wollok/interpreter/core/WollokObject;+119
j  org.uqbar.project.wollok.launch.WollokLauncherInterpreterEvaluator.evaluate(Lorg/eclipse/emf/ecore/EObject;)Lorg/uqbar/project/wollok/interpreter/core/WollokObject;+412
j  org.uqbar.project.wollok.interpreter.WollokInterpreterEvaluator.evaluate(Lorg/eclipse/emf/ecore/EObject;)Ljava/lang/Object;+2
j  org.uqbar.project.wollok.interpreter.WollokInterpreter.eval(Lorg/eclipse/emf/ecore/EObject;)Lorg/uqbar/project/wollok/interpreter/core/WollokObject;+63
j  org.uqbar.project.wollok.interpreter.WollokInterpreterEvaluator.eval(Lorg/eclipse/emf/ecore/EObject;)Lorg/uqbar/project/wollok/interpreter/core/WollokObject;+5
j  org.uqbar.project.wollok.interpreter.WollokInterpreterEvaluator$1.apply(Lorg/uqbar/project/wollok/interpreter/core/WollokObject;Lorg/eclipse/emf/ecore/EObject;)Lorg/uqbar/project/wollok/interpreter/core/WollokObject;+5
j  org.uqbar.project.wollok.interpreter.WollokInterpreterEvaluator$1.apply(Ljava/lang/Object;Ljava/lang/Object;)Ljava/lang/Object;+9
j  org.eclipse.xtext.xbase.lib.IteratorExtensions.fold(Ljava/util/Iterator;Ljava/lang/Object;Lorg/eclipse/xtext/xbase/lib/Functions$Function2;)Ljava/lang/Object;+19
j  org.eclipse.xtext.xbase.lib.IterableExtensions.fold(Ljava/lang/Iterable;Ljava/lang/Object;Lorg/eclipse/xtext/xbase/lib/Functions$Function2;)Ljava/lang/Object;+8
j  org.uqbar.project.wollok.interpreter.WollokInterpreterEvaluator.evalAll(Ljava/lang/Iterable;)Lorg/uqbar/project/wollok/interpreter/core/WollokObject;+12
j  org.uqbar.project.wollok.interpreter.WollokInterpreterEvaluator._evaluate(Lorg/uqbar/project/wollok/wollokDsl/WBlockExpression;)Lorg/uqbar/project/wollok/interpreter/core/WollokObject;+34
j  org.uqbar.project.wollok.launch.WollokLauncherInterpreterEvaluator.evaluate(Lorg/eclipse/emf/ecore/EObject;)Lorg/uqbar/project/wollok/interpreter/core/WollokObject;+76
j  org.uqbar.project.wollok.interpreter.WollokInterpreterEvaluator.evaluate(Lorg/eclipse/emf/ecore/EObject;)Ljava/lang/Object;+2
j  org.uqbar.project.wollok.interpreter.WollokInterpreter.eval(Lorg/eclipse/emf/ecore/EObject;)Lorg/uqbar/project/wollok/interpreter/core/WollokObject;+63
j  org.uqbar.project.wollok.interpreter.AbstractWollokCallable.eval(Lorg/eclipse/emf/ecore/EObject;)Lorg/uqbar/project/wollok/interpreter/core/WollokObject;+5
j  org.uqbar.project.wollok.interpreter.AbstractWollokCallable$1.apply()Lorg/uqbar/project/wollok/interpreter/core/WollokObject;+110
j  org.uqbar.project.wollok.interpreter.AbstractWollokCallable$1.apply()Ljava/lang/Object;+1
j  org.uqbar.project.wollok.interpreter.threads.WThread.performOnStack(Lorg/eclipse/emf/ecore/EObject;Lorg/uqbar/project/wollok/interpreter/context/EvaluationContext;Lorg/eclipse/xtext/xbase/lib/Functions$Function0;)Lorg/uqbar/project/wollok/interpreter/core/WollokObject;+29
j  org.uqbar.project.wollok.interpreter.WollokInterpreter.performOnStack(Lorg/eclipse/emf/ecore/EObject;Lorg/uqbar/project/wollok/interpreter/context/EvaluationContext;Lorg/eclipse/xtext/xbase/lib/Functions$Function0;)Lorg/uqbar/project/wollok/interpreter/core/WollokObject;+7
j  org.uqbar.project.wollok.interpreter.AbstractWollokCallable.call(Lorg/uqbar/project/wollok/wollokDsl/WMethodDeclaration;[Lorg/uqbar/project/wollok/interpreter/core/WollokObject;)Lorg/uqbar/project/wollok/interpreter/core/WollokObject;+38
j  org.uqbar.project.wollok.interpreter.core.WollokObject.call(Ljava/lang/String;[Lorg/uqbar/project/wollok/interpreter/core/WollokObject;)Lorg/uqbar/project/wollok/interpreter/core/WollokObject;+55
j  org.uqbar.project.wollok.interpreter.WollokInterpreterEvaluator._evaluate(Lorg/uqbar/project/wollok/wollokDsl/WFeatureCall;)Lorg/uqbar/project/wollok/interpreter/core/WollokObject;+119
j  org.uqbar.project.wollok.launch.WollokLauncherInterpreterEvaluator.evaluate(Lorg/eclipse/emf/ecore/EObject;)Lorg/uqbar/project/wollok/interpreter/core/WollokObject;+412
j  org.uqbar.project.wollok.interpreter.WollokInterpreterEvaluator.evaluate(Lorg/eclipse/emf/ecore/EObject;)Ljava/lang/Object;+2
j  org.uqbar.project.wollok.interpreter.WollokInterpreter.eval(Lorg/eclipse/emf/ecore/EObject;)Lorg/uqbar/project/wollok/interpreter/core/WollokObject;+63
j  org.uqbar.project.wollok.interpreter.WollokInterpreterEvaluator.eval(Lorg/eclipse/emf/ecore/EObject;)Lorg/uqbar/project/wollok/interpreter/core/WollokObject;+5
j  org.uqbar.project.wollok.interpreter.WollokInterpreterEvaluator$1.apply(Lorg/uqbar/project/wollok/interpreter/core/WollokObject;Lorg/eclipse/emf/ecore/EObject;)Lorg/uqbar/project/wollok/interpreter/core/WollokObject;+5
j  org.uqbar.project.wollok.interpreter.WollokInterpreterEvaluator$1.apply(Ljava/lang/Object;Ljava/lang/Object;)Ljava/lang/Object;+9
j  org.eclipse.xtext.xbase.lib.IteratorExtensions.fold(Ljava/util/Iterator;Ljava/lang/Object;Lorg/eclipse/xtext/xbase/lib/Functions$Function2;)Ljava/lang/Object;+19
j  org.eclipse.xtext.xbase.lib.IterableExtensions.fold(Ljava/lang/Iterable;Ljava/lang/Object;Lorg/eclipse/xtext/xbase/lib/Functions$Function2;)Ljava/lang/Object;+8
j  org.uqbar.project.wollok.interpreter.WollokInterpreterEvaluator.evalAll(Ljava/lang/Iterable;)Lorg/uqbar/project/wollok/interpreter/core/WollokObject;+12
j  org.uqbar.project.wollok.interpreter.WollokInterpreterEvaluator._evaluate(Lorg/uqbar/project/wollok/wollokDsl/WBlockExpression;)Lorg/uqbar/project/wollok/interpreter/core/WollokObject;+34
j  org.uqbar.project.wollok.launch.WollokLauncherInterpreterEvaluator.evaluate(Lorg/eclipse/emf/ecore/EObject;)Lorg/uqbar/project/wollok/interpreter/core/WollokObject;+76
j  org.uqbar.project.wollok.interpreter.WollokInterpreterEvaluator.evaluate(Lorg/eclipse/emf/ecore/EObject;)Ljava/lang/Object;+2
j  org.uqbar.project.wollok.interpreter.WollokInterpreter.eval(Lorg/eclipse/emf/ecore/EObject;)Lorg/uqbar/project/wollok/interpreter/core/WollokObject;+63
j  org.uqbar.project.wollok.interpreter.AbstractWollokCallable.eval(Lorg/eclipse/emf/ecore/EObject;)Lorg/uqbar/project/wollok/interpreter/core/WollokObject;+5
j  org.uqbar.project.wollok.interpreter.AbstractWollokCallable$1.apply()Lorg/uqbar/project/wollok/interpreter/core/WollokObject;+110
j  org.uqbar.project.wollok.interpreter.AbstractWollokCallable$1.apply()Ljava/lang/Object;+1
j  org.uqbar.project.wollok.interpreter.threads.WThread.performOnStack(Lorg/eclipse/emf/ecore/EObject;Lorg/uqbar/project/wollok/interpreter/context/EvaluationContext;Lorg/eclipse/xtext/xbase/lib/Functions$Function0;)Lorg/uqbar/project/wollok/interpreter/core/WollokObject;+29
j  org.uqbar.project.wollok.interpreter.WollokInterpreter.performOnStack(Lorg/eclipse/emf/ecore/EObject;Lorg/uqbar/project/wollok/interpreter/context/EvaluationContext;Lorg/eclipse/xtext/xbase/lib/Functions$Function0;)Lorg/uqbar/project/wollok/interpreter/core/WollokObject;+7
j  org.uqbar.project.wollok.interpreter.AbstractWollokCallable.call(Lorg/uqbar/project/wollok/wollokDsl/WMethodDeclaration;[Lorg/uqbar/project/wollok/interpreter/core/WollokObject;)Lorg/uqbar/project/wollok/interpreter/core/WollokObject;+38
j  org.uqbar.project.wollok.interpreter.core.WollokObject.call(Ljava/lang/String;[Lorg/uqbar/project/wollok/interpreter/core/WollokObject;)Lorg/uqbar/project/wollok/interpreter/core/WollokObject;+55
j  org.uqbar.project.wollok.interpreter.WollokInterpreterEvaluator._evaluate(Lorg/uqbar/project/wollok/wollokDsl/WFeatureCall;)Lorg/uqbar/project/wollok/interpreter/core/WollokObject;+119
j  org.uqbar.project.wollok.launch.WollokLauncherInterpreterEvaluator.evaluate(Lorg/eclipse/emf/ecore/EObject;)Lorg/uqbar/project/wollok/interpreter/core/WollokObject;+412
j  org.uqbar.project.wollok.interpreter.WollokInterpreterEvaluator.evaluate(Lorg/eclipse/emf/ecore/EObject;)Ljava/lang/Object;+2
j  org.uqbar.project.wollok.interpreter.WollokInterpreter.eval(Lorg/eclipse/emf/ecore/EObject;)Lorg/uqbar/project/wollok/interpreter/core/WollokObject;+63
j  org.uqbar.project.wollok.interpreter.WollokInterpreterEvaluator.eval(Lorg/eclipse/emf/ecore/EObject;)Lorg/uqbar/project/wollok/interpreter/core/WollokObject;+5
j  org.uqbar.project.wollok.interpreter.WollokInterpreterEvaluator$1.apply(Lorg/uqbar/project/wollok/interpreter/core/WollokObject;Lorg/eclipse/emf/ecore/EObject;)Lorg/uqbar/project/wollok/interpreter/core/WollokObject;+5
j  org.uqbar.project.wollok.interpreter.WollokInterpreterEvaluator$1.apply(Ljava/lang/Object;Ljava/lang/Object;)Ljava/lang/Object;+9
j  org.eclipse.xtext.xbase.lib.IteratorExtensions.fold(Ljava/util/Iterator;Ljava/lang/Object;Lorg/eclipse/xtext/xbase/lib/Functions$Function2;)Ljava/lang/Object;+19
j  org.eclipse.xtext.xbase.lib.IterableExtensions.fold(Ljava/lang/Iterable;Ljava/lang/Object;Lorg/eclipse/xtext/xbase/lib/Functions$Function2;)Ljava/lang/Object;+8
j  org.uqbar.project.wollok.interpreter.WollokInterpreterEvaluator.evalAll(Ljava/lang/Iterable;)Lorg/uqbar/project/wollok/interpreter/core/WollokObject;+12
j  org.uqbar.project.wollok.interpreter.WollokInterpreterEvaluator._evaluate(Lorg/uqbar/project/wollok/wollokDsl/WProgram;)Lorg/uqbar/project/wollok/interpreter/core/WollokObject;+18
j  org.uqbar.project.wollok.launch.WollokLauncherInterpreterEvaluator.evaluate(Lorg/eclipse/emf/ecore/EObject;)Lorg/uqbar/project/wollok/interpreter/core/WollokObject;+444
j  org.uqbar.project.wollok.interpreter.WollokInterpreterEvaluator.evaluate(Lorg/eclipse/emf/ecore/EObject;)Ljava/lang/Object;+2
j  org.uqbar.project.wollok.interpreter.WollokInterpreter.eval(Lorg/eclipse/emf/ecore/EObject;)Lorg/uqbar/project/wollok/interpreter/core/WollokObject;+63
j  org.uqbar.project.wollok.interpreter.WollokInterpreterEvaluator.eval(Lorg/eclipse/emf/ecore/EObject;)Lorg/uqbar/project/wollok/interpreter/core/WollokObject;+5
j  org.uqbar.project.wollok.launch.WollokLauncherInterpreterEvaluator._evaluate(Lorg/uqbar/project/wollok/wollokDsl/WFile;)Lorg/uqbar/project/wollok/interpreter/core/WollokObject;+32
j  org.uqbar.project.wollok.launch.WollokLauncherInterpreterEvaluator.evaluate(Lorg/eclipse/emf/ecore/EObject;)Lorg/uqbar/project/wollok/interpreter/core/WollokObject;+428
j  org.uqbar.project.wollok.interpreter.WollokInterpreterEvaluator.evaluate(Lorg/eclipse/emf/ecore/EObject;)Ljava/lang/Object;+2
j  org.uqbar.project.wollok.interpreter.WollokInterpreter.interpret(Lorg/eclipse/emf/ecore/EObject;Ljava/lang/Boolean;)Lorg/uqbar/project/wollok/interpreter/core/WollokObject;+25
j  org.uqbar.project.wollok.interpreter.WollokInterpreter.interpret(Lorg/eclipse/emf/ecore/EObject;)Lorg/uqbar/project/wollok/interpreter/core/WollokObject;+8
j  org.uqbar.project.wollok.launch.WollokLauncher.doSomething(Lorg/uqbar/project/wollok/wollokDsl/WFile;Lcom/google/inject/Injector;Ljava/io/File;Lorg/uqbar/project/wollok/launch/WollokLauncherParameters;)V+109
j  org.uqbar.project.wollok.launch.WollokChecker.launch(Ljava/lang/String;Lorg/uqbar/project/wollok/launch/WollokLauncherParameters;)V+31
j  org.uqbar.project.wollok.launch.WollokChecker.doMain([Ljava/lang/String;)V+205
j  org.uqbar.project.wollok.launch.WollokLauncher.main([Ljava/lang/String;)V+8
v  ~StubRoutines::call_stub

---------------  P R O C E S S  ---------------

Java Threads: ( => current thread )
  0x0000013727a65800 JavaThread "com.google.inject.internal.util.$Finalizer" daemon [_thread_blocked, id=17436, stack(0x0000003333000000,0x0000003333100000)]
  0x0000013727a65000 JavaThread "EMF Reference Cleaner" daemon [_thread_blocked, id=19192, stack(0x0000003332f00000,0x0000003333000000)]
  0x00000137260a8800 JavaThread "Service Thread" daemon [_thread_blocked, id=18008, stack(0x0000003332d00000,0x0000003332e00000)]
  0x0000013726022800 JavaThread "C1 CompilerThread2" daemon [_thread_blocked, id=18892, stack(0x0000003332c00000,0x0000003332d00000)]
  0x000001372601f000 JavaThread "C2 CompilerThread1" daemon [_thread_blocked, id=2044, stack(0x0000003332b00000,0x0000003332c00000)]
  0x0000013726012000 JavaThread "C2 CompilerThread0" daemon [_thread_blocked, id=16100, stack(0x0000003332a00000,0x0000003332b00000)]
  0x000001372600f800 JavaThread "Attach Listener" daemon [_thread_blocked, id=18224, stack(0x0000003332900000,0x0000003332a00000)]
  0x000001372600e000 JavaThread "Signal Dispatcher" daemon [_thread_blocked, id=11932, stack(0x0000003332800000,0x0000003332900000)]
  0x0000013725fe1000 JavaThread "Finalizer" daemon [_thread_blocked, id=17904, stack(0x0000003332700000,0x0000003332800000)]
  0x00000137258ae000 JavaThread "Reference Handler" daemon [_thread_blocked, id=7576, stack(0x0000003332600000,0x0000003332700000)]
=>0x0000013711e24000 JavaThread "main" [_thread_in_native, id=19116, stack(0x0000003332000000,0x0000003332100000)]

Other Threads:
  0x0000013725fb5000 VMThread [stack: 0x0000003332500000,0x0000003332600000] [id=15896]
  0x0000013726059000 WatcherThread [stack: 0x0000003332e00000,0x0000003332f00000] [id=18612]

VM state:not at safepoint (normal execution)

VM Mutex/Monitor currently owned by a thread: None

heap address: 0x00000000c2000000, size: 992 MB, Compressed Oops mode: 32-bit
Narrow klass base: 0x0000000000000000, Narrow klass shift: 3
Compressed class space size: 1073741824 Address: 0x0000000100000000

Heap:
 PSYoungGen      total 66048K, used 24123K [0x00000000eb580000, 0x00000000f5380000, 0x0000000100000000)
  eden space 63488K, 37% used [0x00000000eb580000,0x00000000ecd0ec28,0x00000000ef380000)
  from space 2560K, 0% used [0x00000000ef380000,0x00000000ef380000,0x00000000ef600000)
  to   space 17408K, 0% used [0x00000000f4280000,0x00000000f4280000,0x00000000f5380000)
 ParOldGen       total 67584K, used 27564K [0x00000000c2000000, 0x00000000c6200000, 0x00000000eb580000)
  object space 67584K, 40% used [0x00000000c2000000,0x00000000c3aeb048,0x00000000c6200000)
 Metaspace       used 21137K, capacity 21386K, committed 21504K, reserved 1069056K
  class space    used 2671K, capacity 2747K, committed 2816K, reserved 1048576K

Card table byte_map: [0x0000013722b50000,0x0000013722d50000] byte_map_base: 0x0000013722540000

Marking Bits: (ParMarkBitMap*) 0x0000000057497790
 Begin Bits: [0x0000013722ea0000, 0x0000013723e20000)
 End Bits:   [0x0000013723e20000, 0x0000013724da0000)

Polling page: 0x0000013712140000

CodeCache: size=245760Kb used=10095Kb max_used=10096Kb free=235664Kb
 bounds [0x0000013713790000, 0x0000013714180000, 0x0000013722790000]
 total_blobs=3638 nmethods=3197 adapters=352
 compilation: enabled

Compilation events (10 events):
Event: 3.104 Thread 0x0000013726022800 3204       3       java.io.FileInputStream::read (9 bytes)
Event: 3.104 Thread 0x0000013726022800 nmethod 3204 0x0000013714171c50 code [0x0000013714171dc0, 0x0000013714171f50]
Event: 3.120 Thread 0x0000013726022800 3205       3       java.nio.DirectByteBuffer::put (18 bytes)
Event: 3.120 Thread 0x0000013726022800 nmethod 3205 0x0000013714171190 code [0x0000013714171300, 0x0000013714171578]
Event: 3.120 Thread 0x0000013726022800 3206       3       java.nio.DirectByteBuffer::ix (10 bytes)
Event: 3.120 Thread 0x0000013726022800 nmethod 3206 0x0000013714170e50 code [0x0000013714170fa0, 0x00000137141710f8]
Event: 3.121 Thread 0x0000013726022800 3208       3       java.nio.DirectByteBuffer::put (18 bytes)
Event: 3.122 Thread 0x0000013726022800 nmethod 3208 0x0000013714170950 code [0x0000013714170ac0, 0x0000013714170d38]
Event: 3.122 Thread 0x0000013726022800 3209       1       java.nio.DirectByteBuffer::ix (10 bytes)
Event: 3.122 Thread 0x0000013726022800 nmethod 3209 0x0000013714143910 code [0x0000013714143a60, 0x0000013714143b78]

GC Heap History (10 events):
Event: 0.532 GC heap before
{Heap before GC invocations=2 (full 0):
 PSYoungGen      total 18432K, used 18428K [0x00000000eb580000, 0x00000000ed980000, 0x0000000100000000)
  eden space 15872K, 100% used [0x00000000eb580000,0x00000000ec500000,0x00000000ec500000)
  from space 2560K, 99% used [0x00000000ec500000,0x00000000ec77f0c8,0x00000000ec780000)
  to   space 2560K, 0% used [0x00000000ed700000,0x00000000ed700000,0x00000000ed980000)
 ParOldGen       total 42496K, used 628K [0x00000000c2000000, 0x00000000c4980000, 0x00000000eb580000)
  object space 42496K, 1% used [0x00000000c2000000,0x00000000c209d2c8,0x00000000c4980000)
 Metaspace       used 5663K, capacity 5750K, committed 5888K, reserved 1056768K
  class space    used 617K, capacity 659K, committed 768K, reserved 1048576K
Event: 0.538 GC heap after
Heap after GC invocations=2 (full 0):
 PSYoungGen      total 34304K, used 2547K [0x00000000eb580000, 0x00000000ed980000, 0x0000000100000000)
  eden space 31744K, 0% used [0x00000000eb580000,0x00000000eb580000,0x00000000ed480000)
  from space 2560K, 99% used [0x00000000ed700000,0x00000000ed97cd00,0x00000000ed980000)
  to   space 2560K, 0% used [0x00000000ed480000,0x00000000ed480000,0x00000000ed700000)
 ParOldGen       total 42496K, used 3099K [0x00000000c2000000, 0x00000000c4980000, 0x00000000eb580000)
  object space 42496K, 7% used [0x00000000c2000000,0x00000000c2306e38,0x00000000c4980000)
 Metaspace       used 5663K, capacity 5750K, committed 5888K, reserved 1056768K
  class space    used 617K, capacity 659K, committed 768K, reserved 1048576K
}
Event: 0.862 GC heap before
{Heap before GC invocations=3 (full 0):
 PSYoungGen      total 34304K, used 34291K [0x00000000eb580000, 0x00000000ed980000, 0x0000000100000000)
  eden space 31744K, 100% used [0x00000000eb580000,0x00000000ed480000,0x00000000ed480000)
  from space 2560K, 99% used [0x00000000ed700000,0x00000000ed97cd00,0x00000000ed980000)
  to   space 2560K, 0% used [0x00000000ed480000,0x00000000ed480000,0x00000000ed700000)
 ParOldGen       total 42496K, used 3099K [0x00000000c2000000, 0x00000000c4980000, 0x00000000eb580000)
  object space 42496K, 7% used [0x00000000c2000000,0x00000000c2306e38,0x00000000c4980000)
 Metaspace       used 8467K, capacity 8540K, committed 8832K, reserved 1056768K
  class space    used 1018K, capacity 1076K, committed 1152K, reserved 1048576K
Event: 0.870 GC heap after
Heap after GC invocations=3 (full 0):
 PSYoungGen      total 34304K, used 2529K [0x00000000eb580000, 0x00000000ef880000, 0x0000000100000000)
  eden space 31744K, 0% used [0x00000000eb580000,0x00000000eb580000,0x00000000ed480000)
  from space 2560K, 98% used [0x00000000ed480000,0x00000000ed6f8688,0x00000000ed700000)
  to   space 2560K, 0% used [0x00000000ef600000,0x00000000ef600000,0x00000000ef880000)
 ParOldGen       total 42496K, used 12655K [0x00000000c2000000, 0x00000000c4980000, 0x00000000eb580000)
  object space 42496K, 29% used [0x00000000c2000000,0x00000000c2c5be08,0x00000000c4980000)
 Metaspace       used 8467K, capacity 8540K, committed 8832K, reserved 1056768K
  class space    used 1018K, capacity 1076K, committed 1152K, reserved 1048576K
}
Event: 1.218 GC heap before
{Heap before GC invocations=4 (full 0):
 PSYoungGen      total 34304K, used 34273K [0x00000000eb580000, 0x00000000ef880000, 0x0000000100000000)
  eden space 31744K, 100% used [0x00000000eb580000,0x00000000ed480000,0x00000000ed480000)
  from space 2560K, 98% used [0x00000000ed480000,0x00000000ed6f8688,0x00000000ed700000)
  to   space 2560K, 0% used [0x00000000ef600000,0x00000000ef600000,0x00000000ef880000)
 ParOldGen       total 42496K, used 12655K [0x00000000c2000000, 0x00000000c4980000, 0x00000000eb580000)
  object space 42496K, 29% used [0x00000000c2000000,0x00000000c2c5be08,0x00000000c4980000)
 Metaspace       used 11939K, capacity 12072K, committed 12288K, reserved 1060864K
  class space    used 1497K, capacity 1526K, committed 1536K, reserved 1048576K
Event: 1.227 GC heap after
Heap after GC invocations=4 (full 0):
 PSYoungGen      total 66048K, used 2544K [0x00000000eb580000, 0x00000000ef880000, 0x0000000100000000)
  eden space 63488K, 0% used [0x00000000eb580000,0x00000000eb580000,0x00000000ef380000)
  from space 2560K, 99% used [0x00000000ef600000,0x00000000ef87c010,0x00000000ef880000)
  to   space 2560K, 0% used [0x00000000ef380000,0x00000000ef380000,0x00000000ef600000)
 ParOldGen       total 42496K, used 20521K [0x00000000c2000000, 0x00000000c4980000, 0x00000000eb580000)
  object space 42496K, 48% used [0x00000000c2000000,0x00000000c340a5d0,0x00000000c4980000)
 Metaspace       used 11939K, capacity 12072K, committed 12288K, reserved 1060864K
  class space    used 1497K, capacity 1526K, committed 1536K, reserved 1048576K
}
Event: 2.497 GC heap before
{Heap before GC invocations=5 (full 0):
 PSYoungGen      total 66048K, used 66032K [0x00000000eb580000, 0x00000000ef880000, 0x0000000100000000)
  eden space 63488K, 100% used [0x00000000eb580000,0x00000000ef380000,0x00000000ef380000)
  from space 2560K, 99% used [0x00000000ef600000,0x00000000ef87c010,0x00000000ef880000)
  to   space 2560K, 0% used [0x00000000ef380000,0x00000000ef380000,0x00000000ef600000)
 ParOldGen       total 42496K, used 20521K [0x00000000c2000000, 0x00000000c4980000, 0x00000000eb580000)
  object space 42496K, 48% used [0x00000000c2000000,0x00000000c340a5d0,0x00000000c4980000)
 Metaspace       used 19665K, capacity 19922K, committed 20096K, reserved 1067008K
  class space    used 2510K, capacity 2583K, committed 2688K, reserved 1048576K
Event: 2.515 GC heap after
Heap after GC invocations=5 (full 0):
 PSYoungGen      total 66048K, used 2528K [0x00000000eb580000, 0x00000000f5380000, 0x0000000100000000)
  eden space 63488K, 0% used [0x00000000eb580000,0x00000000eb580000,0x00000000ef380000)
  from space 2560K, 98% used [0x00000000ef380000,0x00000000ef5f8040,0x00000000ef600000)
  to   space 17408K, 0% used [0x00000000f4280000,0x00000000f4280000,0x00000000f5380000)
 ParOldGen       total 42496K, used 31804K [0x00000000c2000000, 0x00000000c4980000, 0x00000000eb580000)
  object space 42496K, 74% used [0x00000000c2000000,0x00000000c3f0f3d8,0x00000000c4980000)
 Metaspace       used 19665K, capacity 19922K, committed 20096K, reserved 1067008K
  class space    used 2510K, capacity 2583K, committed 2688K, reserved 1048576K
}
Event: 2.515 GC heap before
{Heap before GC invocations=6 (full 1):
 PSYoungGen      total 66048K, used 2528K [0x00000000eb580000, 0x00000000f5380000, 0x0000000100000000)
  eden space 63488K, 0% used [0x00000000eb580000,0x00000000eb580000,0x00000000ef380000)
  from space 2560K, 98% used [0x00000000ef380000,0x00000000ef5f8040,0x00000000ef600000)
  to   space 17408K, 0% used [0x00000000f4280000,0x00000000f4280000,0x00000000f5380000)
 ParOldGen       total 42496K, used 31804K [0x00000000c2000000, 0x00000000c4980000, 0x00000000eb580000)
  object space 42496K, 74% used [0x00000000c2000000,0x00000000c3f0f3d8,0x00000000c4980000)
 Metaspace       used 19665K, capacity 19922K, committed 20096K, reserved 1067008K
  class space    used 2510K, capacity 2583K, committed 2688K, reserved 1048576K
Event: 2.581 GC heap after
Heap after GC invocations=6 (full 1):
 PSYoungGen      total 66048K, used 0K [0x00000000eb580000, 0x00000000f5380000, 0x0000000100000000)
  eden space 63488K, 0% used [0x00000000eb580000,0x00000000eb580000,0x00000000ef380000)
  from space 2560K, 0% used [0x00000000ef380000,0x00000000ef380000,0x00000000ef600000)
  to   space 17408K, 0% used [0x00000000f4280000,0x00000000f4280000,0x00000000f5380000)
 ParOldGen       total 67584K, used 27564K [0x00000000c2000000, 0x00000000c6200000, 0x00000000eb580000)
  object space 67584K, 40% used [0x00000000c2000000,0x00000000c3aeb048,0x00000000c6200000)
 Metaspace       used 19665K, capacity 19922K, committed 20096K, reserved 1067008K
  class space    used 2510K, capacity 2583K, committed 2688K, reserved 1048576K
}

Deoptimization events (10 events):
Event: 2.386 Thread 0x0000013711e24000 Uncommon trap: reason=class_check action=maybe_recompile pc=0x0000013713ebbc3c method=org.eclipse.xtext.nodemodel.impl.NodeModelBuilder.addChild(Lorg/eclipse/xtext/nodemodel/ICompositeNode;Lorg/eclipse/xtext/nodemodel/impl/AbstractNode;)V @ 6
Event: 2.389 Thread 0x0000013711e24000 Uncommon trap: reason=unstable_if action=reinterpret pc=0x0000013713fa12e8 method=org.eclipse.emf.common.notify.impl.BasicNotifierImpl$EAdapterList.data()[Ljava/lang/Object; @ 16
Event: 2.389 Thread 0x0000013711e24000 Uncommon trap: reason=unstable_if action=reinterpret pc=0x0000013714056544 method=org.eclipse.emf.common.notify.impl.BasicNotifierImpl$EAdapterList.getAdapterForType(Ljava/lang/Object;)Lorg/eclipse/emf/common/notify/Adapter; @ 50
Event: 2.413 Thread 0x0000013711e24000 Uncommon trap: reason=unstable_if action=reinterpret pc=0x0000013714054f18 method=org.eclipse.emf.common.notify.impl.BasicNotifierImpl$EAdapterList.getAdapterForType(Ljava/lang/Object;)Lorg/eclipse/emf/common/notify/Adapter; @ 50
Event: 2.413 Thread 0x0000013711e24000 Uncommon trap: reason=unstable_if action=reinterpret pc=0x00000137140491dc method=org.eclipse.emf.common.notify.impl.BasicNotifierImpl$EAdapterList.data()[Ljava/lang/Object; @ 16
Event: 2.446 Thread 0x0000013711e24000 Uncommon trap: reason=class_check action=maybe_recompile pc=0x0000013713e87c5c method=org.eclipse.xtext.nodemodel.impl.NodeModelBuilder.addChild(Lorg/eclipse/xtext/nodemodel/ICompositeNode;Lorg/eclipse/xtext/nodemodel/impl/AbstractNode;)V @ 6
Event: 2.586 Thread 0x0000013711e24000 Uncommon trap: reason=null_check action=make_not_entrant pc=0x0000013714044d40 method=java.util.AbstractList.equals(Ljava/lang/Object;)Z @ 8
Event: 2.586 Thread 0x0000013711e24000 Uncommon trap: reason=unstable_if action=reinterpret pc=0x0000013713d2f000 method=java.util.WeakHashMap.expungeStaleEntries()V @ 9
Event: 2.597 Thread 0x0000013711e24000 Uncommon trap: reason=unstable_if action=reinterpret pc=0x0000013713cc45e4 method=java.util.concurrent.ConcurrentHashMap.putVal(Ljava/lang/Object;Ljava/lang/Object;Z)Ljava/lang/Object; @ 181
Event: 2.965 Thread 0x0000013711e24000 Uncommon trap: reason=unstable_if action=reinterpret pc=0x0000013713b7cac4 method=java.io.WinNTFileSystem.normalize(Ljava/lang/String;)Ljava/lang/String; @ 49

Classes redefined (0 events):
No events

Internal exceptions (10 events):
Event: 2.458 Thread 0x0000013711e24000 Exception <a 'java/io/FileNotFoundException'> (0x00000000ef226418) thrown at [J:\jenkins\tmp\workspace\build\src\hotspot\src\share\vm\prims\jni.cpp, line 711]
Event: 2.586 Thread 0x0000013711e24000 Implicit null exception at 0x0000013714044226 to 0x0000013714044d25
Event: 2.741 Thread 0x0000013711e24000 Exception <a 'java/lang/reflect/InvocationTargetException'> (0x00000000ebfc7aa8) thrown at [J:\jenkins\tmp\workspace\build\src\hotspot\src\share\vm\runtime\reflection.cpp, line 1092]
Event: 2.743 Thread 0x0000013711e24000 Exception <a 'java/lang/reflect/InvocationTargetException'> (0x00000000ebfea188) thrown at [J:\jenkins\tmp\workspace\build\src\hotspot\src\share\vm\runtime\reflection.cpp, line 1092]
Event: 3.134 Thread 0x0000013711e24000 Exception <a 'java/security/PrivilegedActionException'> (0x00000000ecc7bd78) thrown at [J:\jenkins\tmp\workspace\build\src\hotspot\src\share\vm\prims\jvm.cpp, line 1512]
Event: 3.134 Thread 0x0000013711e24000 Exception <a 'java/security/PrivilegedActionException'> (0x00000000ecc7d2a8) thrown at [J:\jenkins\tmp\workspace\build\src\hotspot\src\share\vm\prims\jvm.cpp, line 1512]
Event: 3.134 Thread 0x0000013711e24000 Exception <a 'java/security/PrivilegedActionException'> (0x00000000ecc7e6d8) thrown at [J:\jenkins\tmp\workspace\build\src\hotspot\src\share\vm\prims\jvm.cpp, line 1512]
Event: 3.134 Thread 0x0000013711e24000 Exception <a 'java/security/PrivilegedActionException'> (0x00000000ecc7fd98) thrown at [J:\jenkins\tmp\workspace\build\src\hotspot\src\share\vm\prims\jvm.cpp, line 1512]
Event: 3.134 Thread 0x0000013711e24000 Exception <a 'java/security/PrivilegedActionException'> (0x00000000ecc81190) thrown at [J:\jenkins\tmp\workspace\build\src\hotspot\src\share\vm\prims\jvm.cpp, line 1512]
Event: 3.134 Thread 0x0000013711e24000 Exception <a 'java/security/PrivilegedActionException'> (0x00000000ecc82558) thrown at [J:\jenkins\tmp\workspace\build\src\hotspot\src\share\vm\prims\jvm.cpp, line 1512]

Events (10 events):
Event: 3.157 loading class org/lwjgl/openal/ALCdevice
Event: 3.157 loading class org/lwjgl/openal/ALCdevice done
Event: 3.158 loading class org/lwjgl/openal/ALCcontext
Event: 3.158 loading class org/lwjgl/openal/ALCcontext done
Event: 3.158 loading class java/nio/DirectIntBufferU
Event: 3.159 loading class java/nio/DirectIntBufferU done
Event: 3.159 loading class org/lwjgl/openal/Util
Event: 3.159 loading class org/lwjgl/openal/Util done
Event: 3.160 loading class org/lwjgl/openal/OpenALException
Event: 3.160 loading class org/lwjgl/openal/OpenALException done


Dynamic libraries:
0x00007ff74cb30000 - 0x00007ff74cb6a000 	C:\Program Files\AdoptOpenJDK\jdk-8.0.265.01-hotspot\bin\javaw.exe
0x00007ffbc42a0000 - 0x00007ffbc4490000 	C:\WINDOWS\SYSTEM32\ntdll.dll
0x00007ffbc3e40000 - 0x00007ffbc3ef2000 	C:\WINDOWS\System32\KERNEL32.DLL
0x00007ffbc2070000 - 0x00007ffbc2315000 	C:\WINDOWS\System32\KERNELBASE.dll
0x00007ffbc4010000 - 0x00007ffbc40b3000 	C:\WINDOWS\System32\ADVAPI32.dll
0x00007ffbc3f00000 - 0x00007ffbc3f9e000 	C:\WINDOWS\System32\msvcrt.dll
0x00007ffbc3da0000 - 0x00007ffbc3e37000 	C:\WINDOWS\System32\sechost.dll
0x00007ffbc2db0000 - 0x00007ffbc2ed0000 	C:\WINDOWS\System32\RPCRT4.dll
0x00007ffbc3210000 - 0x00007ffbc33a5000 	C:\WINDOWS\System32\USER32.dll
0x00007ffbc2320000 - 0x00007ffbc2341000 	C:\WINDOWS\System32\win32u.dll
0x00007ffbc3c70000 - 0x00007ffbc3c96000 	C:\WINDOWS\System32\GDI32.dll
0x00007ffbc1750000 - 0x00007ffbc18e6000 	C:\WINDOWS\System32\gdi32full.dll
0x00007ffbc1480000 - 0x00007ffbc151e000 	C:\WINDOWS\System32\msvcp_win.dll
0x00007ffbc1520000 - 0x00007ffbc161a000 	C:\WINDOWS\System32\ucrtbase.dll
0x00007ffbb0940000 - 0x00007ffbb0bc4000 	C:\WINDOWS\WinSxS\amd64_microsoft.windows.common-controls_6595b64144ccf1df_6.0.18362.1082_none_9e8193e1e45b25c1\COMCTL32.dll
0x00007ffbc2ed0000 - 0x00007ffbc3205000 	C:\WINDOWS\System32\combase.dll
0x00007ffbc1230000 - 0x00007ffbc12b0000 	C:\WINDOWS\System32\bcryptPrimitives.dll
0x00007ffbc3d70000 - 0x00007ffbc3d9e000 	C:\WINDOWS\System32\IMM32.DLL
0x00007ffb92150000 - 0x00007ffb9223f000 	C:\Program Files\AdoptOpenJDK\jdk-8.0.265.01-hotspot\jre\bin\msvcr120.dll
0x00007ffb9d380000 - 0x00007ffb9d426000 	C:\Program Files\AdoptOpenJDK\jdk-8.0.265.01-hotspot\jre\bin\msvcp120.dll
0x0000000056cb0000 - 0x0000000057516000 	C:\Program Files\AdoptOpenJDK\jdk-8.0.265.01-hotspot\jre\bin\server\jvm.dll
0x00007ffbc23f0000 - 0x00007ffbc23f8000 	C:\WINDOWS\System32\PSAPI.DLL
0x00007ffbb3dd0000 - 0x00007ffbb3dd9000 	C:\WINDOWS\SYSTEM32\WSOCK32.dll
0x00007ffbc3c00000 - 0x00007ffbc3c6f000 	C:\WINDOWS\System32\WS2_32.dll
0x00007ffbbed40000 - 0x00007ffbbed64000 	C:\WINDOWS\SYSTEM32\WINMM.dll
0x00007ffbbcf50000 - 0x00007ffbbcf5a000 	C:\WINDOWS\SYSTEM32\VERSION.dll
0x00007ffbbecd0000 - 0x00007ffbbecfd000 	C:\WINDOWS\SYSTEM32\winmmbase.dll
0x00007ffbc12b0000 - 0x00007ffbc12fa000 	C:\WINDOWS\System32\cfgmgr32.dll
0x00007ffbb4580000 - 0x00007ffbb458f000 	C:\Program Files\AdoptOpenJDK\jdk-8.0.265.01-hotspot\jre\bin\verify.dll
0x00007ffba42e0000 - 0x00007ffba4308000 	C:\Program Files\AdoptOpenJDK\jdk-8.0.265.01-hotspot\jre\bin\java.dll
0x00007ffba8070000 - 0x00007ffba8086000 	C:\Program Files\AdoptOpenJDK\jdk-8.0.265.01-hotspot\jre\bin\zip.dll
0x00007ffbc2510000 - 0x00007ffbc2bf7000 	C:\WINDOWS\System32\SHELL32.dll
0x00007ffbc2460000 - 0x00007ffbc2509000 	C:\WINDOWS\System32\shcore.dll
0x00007ffbc18f0000 - 0x00007ffbc2070000 	C:\WINDOWS\System32\windows.storage.dll
0x00007ffbc11b0000 - 0x00007ffbc11d3000 	C:\WINDOWS\System32\profapi.dll
0x00007ffbc11e0000 - 0x00007ffbc122a000 	C:\WINDOWS\System32\powrprof.dll
0x00007ffbc1160000 - 0x00007ffbc1170000 	C:\WINDOWS\System32\UMPDC.dll
0x00007ffbc40c0000 - 0x00007ffbc4112000 	C:\WINDOWS\System32\shlwapi.dll
0x00007ffbc1170000 - 0x00007ffbc1181000 	C:\WINDOWS\System32\kernel.appcore.dll
0x00007ffbc1620000 - 0x00007ffbc1637000 	C:\WINDOWS\System32\cryptsp.dll
0x0000000065580000 - 0x0000000065616000 	C:\Users\admin\AppData\Local\Temp\libgdxadmin\12dfaa03\gdx64.dll
0x00007ffbc04c0000 - 0x00007ffbc04f3000 	C:\WINDOWS\system32\rsaenh.dll
0x00007ffbc1300000 - 0x00007ffbc1326000 	C:\WINDOWS\System32\bcrypt.dll
0x00007ffbc1080000 - 0x00007ffbc10a5000 	C:\WINDOWS\SYSTEM32\USERENV.dll
0x00007ffbc0b20000 - 0x00007ffbc0b2c000 	C:\WINDOWS\SYSTEM32\CRYPTBASE.dll
0x00007ffba42c0000 - 0x00007ffba42da000 	C:\Program Files\AdoptOpenJDK\jdk-8.0.265.01-hotspot\jre\bin\net.dll
0x00007ffbc0950000 - 0x00007ffbc09b7000 	C:\WINDOWS\system32\mswsock.dll
0x00007ffbc0660000 - 0x00007ffbc069a000 	C:\WINDOWS\SYSTEM32\IPHLPAPI.DLL
0x00007ffbc4000000 - 0x00007ffbc4008000 	C:\WINDOWS\System32\NSI.dll
0x00007ffbbb490000 - 0x00007ffbbb4a6000 	C:\WINDOWS\SYSTEM32\dhcpcsvc6.DLL
0x00007ffbbb790000 - 0x00007ffbbb7ac000 	C:\WINDOWS\SYSTEM32\dhcpcsvc.DLL
0x00007ffbc06a0000 - 0x00007ffbc076b000 	C:\WINDOWS\SYSTEM32\DNSAPI.dll
0x00007ffba22b0000 - 0x00007ffba22c2000 	C:\Program Files\AdoptOpenJDK\jdk-8.0.265.01-hotspot\jre\bin\nio.dll
0x0000000180000000 - 0x0000000180053000 	C:\Users\admin\AppData\Local\Temp\libgdxadmin\dc0f0009\lwjgl64.dll
0x00007ffbac380000 - 0x00007ffbac4d6000 	C:\WINDOWS\SYSTEM32\OPENGL32.dll
0x00007ffbb2850000 - 0x00007ffbb287c000 	C:\WINDOWS\SYSTEM32\GLU32.dll
0x00007ffbbfe20000 - 0x00007ffbbfe40000 	C:\WINDOWS\SYSTEM32\dxcore.dll
0x000001372a500000 - 0x000001372a564000 	C:\Users\admin\AppData\Local\Temp\libgdxadmin\dc0f0009\OpenAL64.dll
0x00007ffbc39a0000 - 0x00007ffbc3af7000 	C:\WINDOWS\System32\ole32.dll
0x00007ffbbf4b0000 - 0x00007ffbbf549000 	C:\WINDOWS\system32\uxtheme.dll
0x00007ffbc3480000 - 0x00007ffbc3522000 	C:\WINDOWS\System32\clbcatq.dll
0x00007ffb9c0d0000 - 0x00007ffb9c169000 	C:\WINDOWS\SYSTEM32\dsound.dll
0x00007ffbbc1c0000 - 0x00007ffbbc232000 	C:\WINDOWS\System32\MMDevApi.dll
0x00007ffbc0ef0000 - 0x00007ffbc0f1a000 	C:\WINDOWS\System32\DEVOBJ.dll
0x00007ffbbbec0000 - 0x00007ffbbc01d000 	C:\WINDOWS\SYSTEM32\AUDIOSES.DLL
0x00007ffbc33b0000 - 0x00007ffbc3475000 	C:\WINDOWS\System32\OLEAUT32.dll
0x00007ffbbca10000 - 0x00007ffbbcb63000 	C:\WINDOWS\SYSTEM32\wintypes.dll
0x00007ffbb0c30000 - 0x00007ffbb0e24000 	C:\WINDOWS\SYSTEM32\dbghelp.dll

VM Arguments:
jvm_args: -Duser.language=es_AR -Dfile.encoding=UTF-8 
java_command: org.uqbar.project.wollok.launch.WollokLauncher -requestsPort 0 -eventsPort 0 -folder -dontValidate -wf src/game.wpgm
java_class_path (initial): C:\Wollok\workspace\git\2020-o-tpi-juego-carpinchologos\bin;C:\Wollok\plugins\com.ibm.icu_64.2.0.v20190507-1337.jar;C:\Wollok\plugins\org.eclipse.xtext_2.20.0.v20191202-0915.jar;C:\Wollok\plugins\org.eclipse.emf.ecore.xmi_2.16.0.v20190528-0725.jar;C:\Wollok\plugins\org.eclipse.emf.ecore_2.20.0.v20190920-0401.jar;C:\Wollok\plugins\org.eclipse.emf.common_2.17.0.v20190920-0401.jar;C:\Wollok\plugins\org.antlr.runtime_3.2.0.v201101311130.jar;C:\Wollok\plugins\com.google.inject_3.0.0.v201605172100.jar;C:\Wollok\plugins\org.eclipse.emf.mwe.core_1.5.1.v20191121-1148.jar;C:\Wollok\plugins\org.apache.commons.cli_1.2.0.v201404270220.jar;C:\Wollok\plugins\org.eclipse.emf.mwe2.runtime_2.11.1.v20191121-1148.jar;C:\Wollok\plugins\org.eclipse.emf.mwe.utils_1.5.1.v20191121-1148.jar;C:\Wollok\plugins\org.eclipse.xtext.util_2.20.0.v20191202-0915.jar;C:\Wollok\plugins\com.google.guava_27.1.0.v20190517-1946.jar;C:\Wollok\plugins\javax.inject_1.0.0.v20091030.jar;C:\Wollok\plugins\org.eclipse.xtext.generator_2.20.0.v20191202-0933.jar;C:\Wollok\plugins\org.eclipse.xtext.xtext.generator_2.20.0.v20191202-0915.jar;C:\Wollok\plugins\org.eclipse.xtext.xbase.lib_2.20.0.v20191202-0907.jar;C:\Wollok\plugins\org.eclipse.emf.codegen.ecore_2.20.0.v20191012-0918.jar;C:\Wollok\plugins\org.eclipse.emf.codegen_2.19.0.v20190821-1536.jar;C:\Wollok\plugins\org.eclipse.xtend_2.2.0.v201605260315.jar;C:\Wollok\plugins\org.eclipse.xpand_2.2.0.v201605260315.jar;C:\Wollok\plugins\org.eclipse.xtend.typesystem.emf_2.2.0.v201605260315.jar;C:\Wollok\plugins\org.uqbar.project.wollok_2.0.1.jar;C:\Wollok\plugins\org.eclipse.xtext.xbase_2.20.0.v20191202-0933.jar;C:\Wollok\plugins\org.eclipse.xtext.common.types_2.20.0.v20191202-0933.jar;C:\Wollok\plugins\org.eclipse.xtend.lib_2.20.0.v20191202-0907.jar;C:\Wollok\plugins\org.eclipse.xtend.lib.macro_2.20.0.v20191202-0907.jar;C:\Wollok\plugins\org.apache.commons.collections_3.2.2.v201511171945.jar;C:\Wollok\plugins\org.uqbar.project.wollok.launch_
Launcher Type: SUN_STANDARD

Environment Variables:
PATH=C:/Program Files/AdoptOpenJDK/jdk-11.0.8.10-hotspot/bin/client;C:/Program Files/AdoptOpenJDK/jdk-11.0.8.10-hotspot/bin;C:\Program Files\AdoptOpenJDK\jdk-11.0.8.10-hotspot\bin;C:\Program Files\AdoptOpenJDK\jdk-8.0.265.01-hotspot\bin;C:\ProgramData\Oracle\Java\javapath;C:\WINDOWS\system32;C:\WINDOWS;C:\WINDOWS\System32\Wbem;C:\WINDOWS\System32\WindowsPowerShell\v1.0\;C:\Program Files (x86)\Skype\Phone\;C:\WINDOWS\System32\OpenSSH\;C:\MinGW\bin;C:\Program Files\swipl\bin;C:\Program Files\Git\cmd;C:\Flex y Bison\bin;C:\Flex y Bison\lib;C:\Users\admin\AppData\Roaming\local\bin;C:\Users\admin\AppData\Local\Microsoft\WindowsApps;C:\Users\admin\AppData\Local\Programs\Microsoft VS Code\bin;C:\Wollok;
USERNAME=admin
OS=Windows_NT
PROCESSOR_IDENTIFIER=Intel64 Family 6 Model 158 Stepping 9, GenuineIntel



---------------  S Y S T E M  ---------------

OS: Windows 10.0 , 64 bit Build 18362 (10.0.18362.1082)

CPU:total 4 (initial active 4) (2 cores per cpu, 2 threads per core) family 6 model 158 stepping 9, cmov, cx8, fxsr, mmx, sse, sse2, sse3, ssse3, sse4.1, sse4.2, popcnt, avx, avx2, aes, clmul, erms, 3dnowpref, lzcnt, ht, tsc, tscinvbit, bmi1, bmi2, adx

Memory: 4k page, physical 4056796k(572280k free), swap 8894640k(2217700k free)

vm_info: OpenJDK 64-Bit Server VM (25.265-b01) for windows-amd64 JRE (1.8.0_265-b01), built on Jul 28 2020 15:11:27 by "jenkins" with MS VC++ 12.0 (VS2013)

time: Sun Oct 11 18:55:32 2020
timezone: Hora estándar de Argentina
elapsed time: 3 seconds (0d 0h 0m 3s)

